2021-05-15 19:41:24,487 :INFO :test_cart :selected fruits or vegetable is Tomato - 1 Kg
2021-05-15 19:41:25,516 :INFO :test_cart :Total amount is 32
2021-05-15 19:41:30,540 :INFO :test_cart :Discount amount is 28.8
2021-05-15 19:41:30,717 :INFO :test_cart :Selected country is India
2021-05-15 19:41:33,150 :INFO :test_cart :text received from confrom pg is Thank you, your order has been placed successfully
You'll be redirected to Home page shortly!!
2021-05-15 19:41:38,221 :INFO :test_cart :selected fruits or vegetable is Pumpkin - 1 Kg
2021-05-15 19:41:38,221 :INFO :test_cart :selected fruits or vegetable is Pumpkin - 1 Kg
2021-05-15 19:41:39,251 :INFO :test_cart :Total amount is 96
2021-05-15 19:41:39,251 :INFO :test_cart :Total amount is 96
2021-05-15 19:41:44,280 :INFO :test_cart :Discount amount is 86.4
2021-05-15 19:41:44,280 :INFO :test_cart :Discount amount is 86.4
2021-05-15 19:41:44,405 :INFO :test_cart :Selected country is Romania
2021-05-15 19:41:44,405 :INFO :test_cart :Selected country is Romania
2021-05-15 19:41:46,793 :INFO :test_cart :text received from confrom pg is Thank you, your order has been placed successfully
You'll be redirected to Home page shortly!!
2021-05-15 19:41:46,793 :INFO :test_cart :text received from confrom pg is Thank you, your order has been placed successfully
You'll be redirected to Home page shortly!!
2021-05-15 19:41:51,844 :INFO :test_cart :selected fruits or vegetable is Corn - 1 Kg
2021-05-15 19:41:51,844 :INFO :test_cart :selected fruits or vegetable is Corn - 1 Kg
2021-05-15 19:41:51,844 :INFO :test_cart :selected fruits or vegetable is Corn - 1 Kg
2021-05-15 19:41:52,813 :INFO :test_cart :Total amount is 150
2021-05-15 19:41:52,813 :INFO :test_cart :Total amount is 150
2021-05-15 19:41:52,813 :INFO :test_cart :Total amount is 150
2021-05-15 19:41:57,841 :INFO :test_cart :Discount amount is 135
2021-05-15 19:41:57,841 :INFO :test_cart :Discount amount is 135
2021-05-15 19:41:57,841 :INFO :test_cart :Discount amount is 135
2021-05-15 19:41:57,969 :INFO :test_cart :Selected country is United States
2021-05-15 19:41:57,969 :INFO :test_cart :Selected country is United States
2021-05-15 19:41:57,969 :INFO :test_cart :Selected country is United States
2021-05-15 19:42:00,459 :INFO :test_cart :text received from confrom pg is Thank you, your order has been placed successfully
You'll be redirected to Home page shortly!!
2021-05-15 19:42:00,459 :INFO :test_cart :text received from confrom pg is Thank you, your order has been placed successfully
You'll be redirected to Home page shortly!!
2021-05-15 19:42:00,459 :INFO :test_cart :text received from confrom pg is Thank you, your order has been placed successfully
You'll be redirected to Home page shortly!!
2021-05-15 19:42:05,520 :INFO :test_cart :selected fruits or vegetable is Water Melon - 1 Kg
2021-05-15 19:42:05,520 :INFO :test_cart :selected fruits or vegetable is Water Melon - 1 Kg
2021-05-15 19:42:05,520 :INFO :test_cart :selected fruits or vegetable is Water Melon - 1 Kg
2021-05-15 19:42:05,520 :INFO :test_cart :selected fruits or vegetable is Water Melon - 1 Kg
2021-05-15 19:42:06,600 :INFO :test_cart :Total amount is 56
2021-05-15 19:42:06,600 :INFO :test_cart :Total amount is 56
2021-05-15 19:42:06,600 :INFO :test_cart :Total amount is 56
2021-05-15 19:42:06,600 :INFO :test_cart :Total amount is 56
2021-05-15 19:42:11,623 :INFO :test_cart :Discount amount is 50.4
2021-05-15 19:42:11,623 :INFO :test_cart :Discount amount is 50.4
2021-05-15 19:42:11,623 :INFO :test_cart :Discount amount is 50.4
2021-05-15 19:42:11,623 :INFO :test_cart :Discount amount is 50.4
2021-05-15 19:42:11,745 :INFO :test_cart :Selected country is Canada
2021-05-15 19:42:11,745 :INFO :test_cart :Selected country is Canada
2021-05-15 19:42:11,745 :INFO :test_cart :Selected country is Canada
2021-05-15 19:42:11,745 :INFO :test_cart :Selected country is Canada
2021-05-15 19:42:14,175 :INFO :test_cart :text received from confrom pg is Thank you, your order has been placed successfully
You'll be redirected to Home page shortly!!
2021-05-15 19:42:14,175 :INFO :test_cart :text received from confrom pg is Thank you, your order has been placed successfully
You'll be redirected to Home page shortly!!
2021-05-15 19:42:14,175 :INFO :test_cart :text received from confrom pg is Thank you, your order has been placed successfully
You'll be redirected to Home page shortly!!
2021-05-15 19:42:14,175 :INFO :test_cart :text received from confrom pg is Thank you, your order has been placed successfully
You'll be redirected to Home page shortly!!
2021-05-16 10:27:30,062 :INFO :test_cart :selected fruits or vegetable is Tomato - 1 Kg
2021-05-16 10:27:31,153 :INFO :test_cart :Total amount is 32
2021-05-16 10:27:36,182 :INFO :test_cart :Discount amount is 28.8
2021-05-16 10:27:36,366 :INFO :test_cart :Selected country is India
2021-05-16 10:27:38,828 :INFO :test_cart :text received from confrom pg is Thank you, your order has been placed successfully
You'll be redirected to Home page shortly!!
2021-05-16 10:27:43,910 :INFO :test_cart :selected fruits or vegetable is Pumpkin - 1 Kg
2021-05-16 10:27:43,910 :INFO :test_cart :selected fruits or vegetable is Pumpkin - 1 Kg
2021-05-16 10:27:44,936 :INFO :test_cart :Total amount is 96
2021-05-16 10:27:44,936 :INFO :test_cart :Total amount is 96
2021-05-16 10:27:49,964 :INFO :test_cart :Discount amount is 86.4
2021-05-16 10:27:49,964 :INFO :test_cart :Discount amount is 86.4
2021-05-16 10:27:50,088 :INFO :test_cart :Selected country is Romania
2021-05-16 10:27:50,088 :INFO :test_cart :Selected country is Romania
2021-05-16 10:27:52,528 :INFO :test_cart :text received from confrom pg is Thank you, your order has been placed successfully
You'll be redirected to Home page shortly!!
2021-05-16 10:27:52,528 :INFO :test_cart :text received from confrom pg is Thank you, your order has been placed successfully
You'll be redirected to Home page shortly!!
2021-05-16 10:27:57,598 :INFO :test_cart :selected fruits or vegetable is Corn - 1 Kg
2021-05-16 10:27:57,598 :INFO :test_cart :selected fruits or vegetable is Corn - 1 Kg
2021-05-16 10:27:57,598 :INFO :test_cart :selected fruits or vegetable is Corn - 1 Kg
2021-05-16 10:27:58,587 :INFO :test_cart :Total amount is 150
2021-05-16 10:27:58,587 :INFO :test_cart :Total amount is 150
2021-05-16 10:27:58,587 :INFO :test_cart :Total amount is 150
2021-05-16 10:28:03,616 :INFO :test_cart :Discount amount is 135
2021-05-16 10:28:03,616 :INFO :test_cart :Discount amount is 135
2021-05-16 10:28:03,616 :INFO :test_cart :Discount amount is 135
2021-05-16 10:28:03,739 :INFO :test_cart :Selected country is United States
2021-05-16 10:28:03,739 :INFO :test_cart :Selected country is United States
2021-05-16 10:28:03,739 :INFO :test_cart :Selected country is United States
2021-05-16 10:28:06,170 :INFO :test_cart :text received from confrom pg is Thank you, your order has been placed successfully
You'll be redirected to Home page shortly!!
2021-05-16 10:28:06,170 :INFO :test_cart :text received from confrom pg is Thank you, your order has been placed successfully
You'll be redirected to Home page shortly!!
2021-05-16 10:28:06,170 :INFO :test_cart :text received from confrom pg is Thank you, your order has been placed successfully
You'll be redirected to Home page shortly!!
2021-05-16 10:28:11,235 :INFO :test_cart :selected fruits or vegetable is Water Melon - 1 Kg
2021-05-16 10:28:11,235 :INFO :test_cart :selected fruits or vegetable is Water Melon - 1 Kg
2021-05-16 10:28:11,235 :INFO :test_cart :selected fruits or vegetable is Water Melon - 1 Kg
2021-05-16 10:28:11,235 :INFO :test_cart :selected fruits or vegetable is Water Melon - 1 Kg
2021-05-16 10:28:12,339 :INFO :test_cart :Total amount is 56
2021-05-16 10:28:12,339 :INFO :test_cart :Total amount is 56
2021-05-16 10:28:12,339 :INFO :test_cart :Total amount is 56
2021-05-16 10:28:12,339 :INFO :test_cart :Total amount is 56
2021-05-16 10:28:17,364 :INFO :test_cart :Discount amount is 50.4
2021-05-16 10:28:17,364 :INFO :test_cart :Discount amount is 50.4
2021-05-16 10:28:17,364 :INFO :test_cart :Discount amount is 50.4
2021-05-16 10:28:17,364 :INFO :test_cart :Discount amount is 50.4
2021-05-16 10:28:17,485 :INFO :test_cart :Selected country is Canada
2021-05-16 10:28:17,485 :INFO :test_cart :Selected country is Canada
2021-05-16 10:28:17,485 :INFO :test_cart :Selected country is Canada
2021-05-16 10:28:17,485 :INFO :test_cart :Selected country is Canada
2021-05-16 10:28:19,902 :INFO :test_cart :text received from confrom pg is Thank you, your order has been placed successfully
You'll be redirected to Home page shortly!!
2021-05-16 10:28:19,902 :INFO :test_cart :text received from confrom pg is Thank you, your order has been placed successfully
You'll be redirected to Home page shortly!!
2021-05-16 10:28:19,902 :INFO :test_cart :text received from confrom pg is Thank you, your order has been placed successfully
You'll be redirected to Home page shortly!!
2021-05-16 10:28:19,902 :INFO :test_cart :text received from confrom pg is Thank you, your order has been placed successfully
You'll be redirected to Home page shortly!!
2021-05-16 14:31:07,258 :INFO :test_cart :selected fruits or vegetable is Tomato - 1 Kg
2021-05-16 14:31:08,379 :INFO :test_cart :Total amount is 32
2021-05-16 14:31:13,399 :INFO :test_cart :Discount amount is 28.8
2021-05-16 14:31:13,590 :INFO :test_cart :Selected country is India
2021-05-16 14:31:15,841 :INFO :test_cart :text received from confrom pg is Thank you, your order has been placed successfully
You'll be redirected to Home page shortly!!
2021-05-16 14:31:20,894 :INFO :test_cart :selected fruits or vegetable is Pumpkin - 1 Kg
2021-05-16 14:31:20,894 :INFO :test_cart :selected fruits or vegetable is Pumpkin - 1 Kg
2021-05-16 14:31:22,006 :INFO :test_cart :Total amount is 96
2021-05-16 14:31:22,006 :INFO :test_cart :Total amount is 96
2021-05-16 14:31:27,033 :INFO :test_cart :Discount amount is 86.4
2021-05-16 14:31:27,033 :INFO :test_cart :Discount amount is 86.4
2021-05-16 14:31:27,172 :INFO :test_cart :Selected country is Romania
2021-05-16 14:31:27,172 :INFO :test_cart :Selected country is Romania
2021-05-16 14:31:29,122 :INFO :test_cart :text received from confrom pg is Thank you, your order has been placed successfully
You'll be redirected to Home page shortly!!
2021-05-16 14:31:29,122 :INFO :test_cart :text received from confrom pg is Thank you, your order has been placed successfully
You'll be redirected to Home page shortly!!
2021-05-16 14:31:34,220 :INFO :test_cart :selected fruits or vegetable is Corn - 1 Kg
2021-05-16 14:31:34,220 :INFO :test_cart :selected fruits or vegetable is Corn - 1 Kg
2021-05-16 14:31:34,220 :INFO :test_cart :selected fruits or vegetable is Corn - 1 Kg
2021-05-16 14:31:35,277 :INFO :test_cart :Total amount is 150
2021-05-16 14:31:35,277 :INFO :test_cart :Total amount is 150
2021-05-16 14:31:35,277 :INFO :test_cart :Total amount is 150
2021-05-16 14:31:40,303 :INFO :test_cart :Discount amount is 135
2021-05-16 14:31:40,303 :INFO :test_cart :Discount amount is 135
2021-05-16 14:31:40,303 :INFO :test_cart :Discount amount is 135
2021-05-16 14:31:40,475 :INFO :test_cart :Selected country is United States
2021-05-16 14:31:40,475 :INFO :test_cart :Selected country is United States
2021-05-16 14:31:40,475 :INFO :test_cart :Selected country is United States
2021-05-16 14:31:42,952 :INFO :test_cart :text received from confrom pg is Thank you, your order has been placed successfully
You'll be redirected to Home page shortly!!
2021-05-16 14:31:42,952 :INFO :test_cart :text received from confrom pg is Thank you, your order has been placed successfully
You'll be redirected to Home page shortly!!
2021-05-16 14:31:42,952 :INFO :test_cart :text received from confrom pg is Thank you, your order has been placed successfully
You'll be redirected to Home page shortly!!
2021-05-16 14:31:48,011 :INFO :test_cart :selected fruits or vegetable is Water Melon - 1 Kg
2021-05-16 14:31:48,011 :INFO :test_cart :selected fruits or vegetable is Water Melon - 1 Kg
2021-05-16 14:31:48,011 :INFO :test_cart :selected fruits or vegetable is Water Melon - 1 Kg
2021-05-16 14:31:48,011 :INFO :test_cart :selected fruits or vegetable is Water Melon - 1 Kg
2021-05-16 14:31:49,190 :INFO :test_cart :Total amount is 56
2021-05-16 14:31:49,190 :INFO :test_cart :Total amount is 56
2021-05-16 14:31:49,190 :INFO :test_cart :Total amount is 56
2021-05-16 14:31:49,190 :INFO :test_cart :Total amount is 56
2021-05-16 14:31:54,217 :INFO :test_cart :Discount amount is 50.4
2021-05-16 14:31:54,217 :INFO :test_cart :Discount amount is 50.4
2021-05-16 14:31:54,217 :INFO :test_cart :Discount amount is 50.4
2021-05-16 14:31:54,217 :INFO :test_cart :Discount amount is 50.4
2021-05-16 14:31:54,348 :INFO :test_cart :Selected country is Canada
2021-05-16 14:31:54,348 :INFO :test_cart :Selected country is Canada
2021-05-16 14:31:54,348 :INFO :test_cart :Selected country is Canada
2021-05-16 14:31:54,348 :INFO :test_cart :Selected country is Canada
2021-05-16 14:31:56,788 :INFO :test_cart :text received from confrom pg is Thank you, your order has been placed successfully
You'll be redirected to Home page shortly!!
2021-05-16 14:31:56,788 :INFO :test_cart :text received from confrom pg is Thank you, your order has been placed successfully
You'll be redirected to Home page shortly!!
2021-05-16 14:31:56,788 :INFO :test_cart :text received from confrom pg is Thank you, your order has been placed successfully
You'll be redirected to Home page shortly!!
2021-05-16 14:31:56,788 :INFO :test_cart :text received from confrom pg is Thank you, your order has been placed successfully
You'll be redirected to Home page shortly!!
2021-05-16 21:24:52,937 :INFO :test_cart :selected fruits or vegetable is Tomato - 1 Kg
2021-05-16 21:24:54,064 :INFO :test_cart :Total amount is 32
2021-05-16 21:24:59,082 :INFO :test_cart :Discount amount is 28.8
2021-05-16 21:24:59,332 :INFO :test_cart :Selected country is India
2021-05-16 21:25:01,254 :INFO :test_cart :text received from confrom pg is Thank you, your order has been placed successfully
You'll be redirected to Home page shortly!!
2021-05-16 21:25:06,339 :INFO :test_cart :selected fruits or vegetable is Pumpkin - 1 Kg
2021-05-16 21:25:06,339 :INFO :test_cart :selected fruits or vegetable is Pumpkin - 1 Kg
2021-05-16 21:25:07,336 :INFO :test_cart :Total amount is 96
2021-05-16 21:25:07,336 :INFO :test_cart :Total amount is 96
2021-05-16 21:25:12,356 :INFO :test_cart :Discount amount is 86.4
2021-05-16 21:25:12,356 :INFO :test_cart :Discount amount is 86.4
2021-05-16 21:25:12,565 :INFO :test_cart :Selected country is Romania
2021-05-16 21:25:12,565 :INFO :test_cart :Selected country is Romania
2021-05-16 21:25:15,065 :INFO :test_cart :text received from confrom pg is Thank you, your order has been placed successfully
You'll be redirected to Home page shortly!!
2021-05-16 21:25:15,065 :INFO :test_cart :text received from confrom pg is Thank you, your order has been placed successfully
You'll be redirected to Home page shortly!!
2021-05-16 21:25:20,132 :INFO :test_cart :selected fruits or vegetable is Corn - 1 Kg
2021-05-16 21:25:20,132 :INFO :test_cart :selected fruits or vegetable is Corn - 1 Kg
2021-05-16 21:25:20,132 :INFO :test_cart :selected fruits or vegetable is Corn - 1 Kg
2021-05-16 21:25:21,127 :INFO :test_cart :Total amount is 150
2021-05-16 21:25:21,127 :INFO :test_cart :Total amount is 150
2021-05-16 21:25:21,127 :INFO :test_cart :Total amount is 150
2021-05-16 21:25:26,152 :INFO :test_cart :Discount amount is 135
2021-05-16 21:25:26,152 :INFO :test_cart :Discount amount is 135
2021-05-16 21:25:26,152 :INFO :test_cart :Discount amount is 135
2021-05-16 21:25:26,276 :INFO :test_cart :Selected country is United States
2021-05-16 21:25:26,276 :INFO :test_cart :Selected country is United States
2021-05-16 21:25:26,276 :INFO :test_cart :Selected country is United States
2021-05-16 21:25:28,181 :INFO :test_cart :text received from confrom pg is Thank you, your order has been placed successfully
You'll be redirected to Home page shortly!!
2021-05-16 21:25:28,181 :INFO :test_cart :text received from confrom pg is Thank you, your order has been placed successfully
You'll be redirected to Home page shortly!!
2021-05-16 21:25:28,181 :INFO :test_cart :text received from confrom pg is Thank you, your order has been placed successfully
You'll be redirected to Home page shortly!!
2021-05-16 21:25:33,247 :INFO :test_cart :selected fruits or vegetable is Water Melon - 1 Kg
2021-05-16 21:25:33,247 :INFO :test_cart :selected fruits or vegetable is Water Melon - 1 Kg
2021-05-16 21:25:33,247 :INFO :test_cart :selected fruits or vegetable is Water Melon - 1 Kg
2021-05-16 21:25:33,247 :INFO :test_cart :selected fruits or vegetable is Water Melon - 1 Kg
2021-05-16 21:25:34,373 :INFO :test_cart :Total amount is 56
2021-05-16 21:25:34,373 :INFO :test_cart :Total amount is 56
2021-05-16 21:25:34,373 :INFO :test_cart :Total amount is 56
2021-05-16 21:25:34,373 :INFO :test_cart :Total amount is 56
2021-05-16 21:25:39,396 :INFO :test_cart :Discount amount is 50.4
2021-05-16 21:25:39,396 :INFO :test_cart :Discount amount is 50.4
2021-05-16 21:25:39,396 :INFO :test_cart :Discount amount is 50.4
2021-05-16 21:25:39,396 :INFO :test_cart :Discount amount is 50.4
2021-05-16 21:25:39,522 :INFO :test_cart :Selected country is Canada
2021-05-16 21:25:39,522 :INFO :test_cart :Selected country is Canada
2021-05-16 21:25:39,522 :INFO :test_cart :Selected country is Canada
2021-05-16 21:25:39,522 :INFO :test_cart :Selected country is Canada
2021-05-16 21:25:41,999 :INFO :test_cart :text received from confrom pg is Thank you, your order has been placed successfully
You'll be redirected to Home page shortly!!
2021-05-16 21:25:41,999 :INFO :test_cart :text received from confrom pg is Thank you, your order has been placed successfully
You'll be redirected to Home page shortly!!
2021-05-16 21:25:41,999 :INFO :test_cart :text received from confrom pg is Thank you, your order has been placed successfully
You'll be redirected to Home page shortly!!
2021-05-16 21:25:41,999 :INFO :test_cart :text received from confrom pg is Thank you, your order has been placed successfully
You'll be redirected to Home page shortly!!
2021-05-16 21:27:02,181 :INFO :test_cart :selected fruits or vegetable is Tomato - 1 Kg
2021-05-16 21:27:03,264 :INFO :test_cart :Total amount is 32
2021-05-16 21:27:28,194 :INFO :test_cart :selected fruits or vegetable is Tomato - 1 Kg
2021-05-16 21:27:29,231 :INFO :test_cart :Total amount is 32
2021-05-16 21:27:34,261 :INFO :test_cart :Discount amount is 28.8
2021-05-16 21:27:34,409 :INFO :test_cart :Selected country is India
2021-05-16 21:27:36,843 :INFO :test_cart :text received from confrom pg is Thank you, your order has been placed successfully
You'll be redirected to Home page shortly!!
2021-05-16 21:27:41,909 :INFO :test_cart :selected fruits or vegetable is Pumpkin - 1 Kg
2021-05-16 21:27:41,909 :INFO :test_cart :selected fruits or vegetable is Pumpkin - 1 Kg
2021-05-16 21:27:42,916 :INFO :test_cart :Total amount is 96
2021-05-16 21:27:42,916 :INFO :test_cart :Total amount is 96
2021-05-16 21:27:47,944 :INFO :test_cart :Discount amount is 86.4
2021-05-16 21:27:47,944 :INFO :test_cart :Discount amount is 86.4
2021-05-16 21:27:48,079 :INFO :test_cart :Selected country is Romania
2021-05-16 21:27:48,079 :INFO :test_cart :Selected country is Romania
2021-05-16 21:27:50,486 :INFO :test_cart :text received from confrom pg is Thank you, your order has been placed successfully
You'll be redirected to Home page shortly!!
2021-05-16 21:27:50,486 :INFO :test_cart :text received from confrom pg is Thank you, your order has been placed successfully
You'll be redirected to Home page shortly!!
2021-05-16 21:27:55,543 :INFO :test_cart :selected fruits or vegetable is Corn - 1 Kg
2021-05-16 21:27:55,543 :INFO :test_cart :selected fruits or vegetable is Corn - 1 Kg
2021-05-16 21:27:55,543 :INFO :test_cart :selected fruits or vegetable is Corn - 1 Kg
2021-05-16 21:27:57,021 :INFO :test_cart :Total amount is 150
2021-05-16 21:27:57,021 :INFO :test_cart :Total amount is 150
2021-05-16 21:27:57,021 :INFO :test_cart :Total amount is 150
2021-05-16 21:28:02,042 :INFO :test_cart :Discount amount is 150
2021-05-16 21:28:02,042 :INFO :test_cart :Discount amount is 150
2021-05-16 21:28:02,042 :INFO :test_cart :Discount amount is 150
2021-05-16 21:28:02,580 :INFO :test_cart :selected fruits or vegetable is Water Melon - 1 Kg
2021-05-16 21:28:02,580 :INFO :test_cart :selected fruits or vegetable is Water Melon - 1 Kg
2021-05-16 21:28:02,580 :INFO :test_cart :selected fruits or vegetable is Water Melon - 1 Kg
2021-05-16 21:28:02,580 :INFO :test_cart :selected fruits or vegetable is Water Melon - 1 Kg
2021-05-17 10:58:32,201 :INFO :test_cart :selected fruits or vegetable is Tomato - 1 Kg
2021-05-17 10:58:33,310 :INFO :test_cart :Total amount is 32
2021-05-17 10:58:38,338 :INFO :test_cart :Discount amount is 28.8
2021-05-17 10:58:38,512 :INFO :test_cart :Selected country is India
2021-05-17 10:58:40,959 :INFO :test_cart :text received from confrom pg is Thank you, your order has been placed successfully
You'll be redirected to Home page shortly!!
2021-05-17 10:58:46,030 :INFO :test_cart :selected fruits or vegetable is Pumpkin - 1 Kg
2021-05-17 10:58:46,030 :INFO :test_cart :selected fruits or vegetable is Pumpkin - 1 Kg
2021-05-17 10:58:47,111 :INFO :test_cart :Total amount is 96
2021-05-17 10:58:47,111 :INFO :test_cart :Total amount is 96
2021-05-17 10:58:52,132 :INFO :test_cart :Discount amount is 86.4
2021-05-17 10:58:52,132 :INFO :test_cart :Discount amount is 86.4
2021-05-17 10:58:52,254 :INFO :test_cart :Selected country is Romania
2021-05-17 10:58:52,254 :INFO :test_cart :Selected country is Romania
2021-05-17 10:58:54,772 :INFO :test_cart :text received from confrom pg is Thank you, your order has been placed successfully
You'll be redirected to Home page shortly!!
2021-05-17 10:58:54,772 :INFO :test_cart :text received from confrom pg is Thank you, your order has been placed successfully
You'll be redirected to Home page shortly!!
2021-05-17 10:58:59,849 :INFO :test_cart :selected fruits or vegetable is Corn - 1 Kg
2021-05-17 10:58:59,849 :INFO :test_cart :selected fruits or vegetable is Corn - 1 Kg
2021-05-17 10:58:59,849 :INFO :test_cart :selected fruits or vegetable is Corn - 1 Kg
2021-05-17 10:59:00,928 :INFO :test_cart :Total amount is 150
2021-05-17 10:59:00,928 :INFO :test_cart :Total amount is 150
2021-05-17 10:59:00,928 :INFO :test_cart :Total amount is 150
2021-05-17 10:59:05,954 :INFO :test_cart :Discount amount is 135
2021-05-17 10:59:05,954 :INFO :test_cart :Discount amount is 135
2021-05-17 10:59:05,954 :INFO :test_cart :Discount amount is 135
2021-05-17 10:59:06,091 :INFO :test_cart :Selected country is United States
2021-05-17 10:59:06,091 :INFO :test_cart :Selected country is United States
2021-05-17 10:59:06,091 :INFO :test_cart :Selected country is United States
2021-05-17 10:59:08,536 :INFO :test_cart :text received from confrom pg is Thank you, your order has been placed successfully
You'll be redirected to Home page shortly!!
2021-05-17 10:59:08,536 :INFO :test_cart :text received from confrom pg is Thank you, your order has been placed successfully
You'll be redirected to Home page shortly!!
2021-05-17 10:59:08,536 :INFO :test_cart :text received from confrom pg is Thank you, your order has been placed successfully
You'll be redirected to Home page shortly!!
2021-05-17 10:59:13,617 :INFO :test_cart :selected fruits or vegetable is Water Melon - 1 Kg
2021-05-17 10:59:13,617 :INFO :test_cart :selected fruits or vegetable is Water Melon - 1 Kg
2021-05-17 10:59:13,617 :INFO :test_cart :selected fruits or vegetable is Water Melon - 1 Kg
2021-05-17 10:59:13,617 :INFO :test_cart :selected fruits or vegetable is Water Melon - 1 Kg
2021-05-17 10:59:14,731 :INFO :test_cart :Total amount is 56
2021-05-17 10:59:14,731 :INFO :test_cart :Total amount is 56
2021-05-17 10:59:14,731 :INFO :test_cart :Total amount is 56
2021-05-17 10:59:14,731 :INFO :test_cart :Total amount is 56
2021-05-17 10:59:19,760 :INFO :test_cart :Discount amount is 50.4
2021-05-17 10:59:19,760 :INFO :test_cart :Discount amount is 50.4
2021-05-17 10:59:19,760 :INFO :test_cart :Discount amount is 50.4
2021-05-17 10:59:19,760 :INFO :test_cart :Discount amount is 50.4
2021-05-17 10:59:19,895 :INFO :test_cart :Selected country is Canada
2021-05-17 10:59:19,895 :INFO :test_cart :Selected country is Canada
2021-05-17 10:59:19,895 :INFO :test_cart :Selected country is Canada
2021-05-17 10:59:19,895 :INFO :test_cart :Selected country is Canada
2021-05-17 10:59:22,335 :INFO :test_cart :text received from confrom pg is Thank you, your order has been placed successfully
You'll be redirected to Home page shortly!!
2021-05-17 10:59:22,335 :INFO :test_cart :text received from confrom pg is Thank you, your order has been placed successfully
You'll be redirected to Home page shortly!!
2021-05-17 10:59:22,335 :INFO :test_cart :text received from confrom pg is Thank you, your order has been placed successfully
You'll be redirected to Home page shortly!!
2021-05-17 10:59:22,335 :INFO :test_cart :text received from confrom pg is Thank you, your order has been placed successfully
You'll be redirected to Home page shortly!!
2021-05-17 11:01:12,423 :INFO :test_cart :selected fruits or vegetable is Tomato - 1 Kg
2021-05-17 11:01:13,472 :INFO :test_cart :Total amount is 32
2021-05-17 11:01:18,494 :INFO :test_cart :Discount amount is 28.8
2021-05-17 11:01:18,669 :INFO :test_cart :Selected country is India
2021-05-17 11:01:21,105 :INFO :test_cart :text received from confrom pg is Thank you, your order has been placed successfully
You'll be redirected to Home page shortly!!
2021-05-17 11:01:26,169 :INFO :test_cart :selected fruits or vegetable is Pumpkin - 1 Kg
2021-05-17 11:01:26,169 :INFO :test_cart :selected fruits or vegetable is Pumpkin - 1 Kg
2021-05-17 11:01:27,158 :INFO :test_cart :Total amount is 96
2021-05-17 11:01:27,158 :INFO :test_cart :Total amount is 96
2021-05-17 11:01:32,184 :INFO :test_cart :Discount amount is 86.4
2021-05-17 11:01:32,184 :INFO :test_cart :Discount amount is 86.4
2021-05-17 11:01:32,303 :INFO :test_cart :Selected country is Romania
2021-05-17 11:01:32,303 :INFO :test_cart :Selected country is Romania
2021-05-17 11:01:34,736 :INFO :test_cart :text received from confrom pg is Thank you, your order has been placed successfully
You'll be redirected to Home page shortly!!
2021-05-17 11:01:34,736 :INFO :test_cart :text received from confrom pg is Thank you, your order has been placed successfully
You'll be redirected to Home page shortly!!
2021-05-17 11:01:39,802 :INFO :test_cart :selected fruits or vegetable is Corn - 1 Kg
2021-05-17 11:01:39,802 :INFO :test_cart :selected fruits or vegetable is Corn - 1 Kg
2021-05-17 11:01:39,802 :INFO :test_cart :selected fruits or vegetable is Corn - 1 Kg
2021-05-17 11:01:40,764 :INFO :test_cart :Total amount is 150
2021-05-17 11:01:40,764 :INFO :test_cart :Total amount is 150
2021-05-17 11:01:40,764 :INFO :test_cart :Total amount is 150
2021-05-17 11:01:45,790 :INFO :test_cart :Discount amount is 135
2021-05-17 11:01:45,790 :INFO :test_cart :Discount amount is 135
2021-05-17 11:01:45,790 :INFO :test_cart :Discount amount is 135
2021-05-17 11:01:45,932 :INFO :test_cart :Selected country is United States
2021-05-17 11:01:45,932 :INFO :test_cart :Selected country is United States
2021-05-17 11:01:45,932 :INFO :test_cart :Selected country is United States
2021-05-17 11:01:48,301 :INFO :test_cart :text received from confrom pg is Thank you, your order has been placed successfully
You'll be redirected to Home page shortly!!
2021-05-17 11:01:48,301 :INFO :test_cart :text received from confrom pg is Thank you, your order has been placed successfully
You'll be redirected to Home page shortly!!
2021-05-17 11:01:48,301 :INFO :test_cart :text received from confrom pg is Thank you, your order has been placed successfully
You'll be redirected to Home page shortly!!
2021-05-17 11:34:23,859 :INFO :test_cart :selected fruits or vegetable is Tomato - 1 Kg
2021-05-17 11:34:24,914 :INFO :test_cart :Total amount is 32
2021-05-17 11:34:29,939 :INFO :test_cart :Discount amount is 28.8
2021-05-17 11:34:30,087 :INFO :test_cart :Selected country is India
2021-05-17 11:34:32,521 :INFO :test_cart :text received from confrom pg is Thank you, your order has been placed successfully
You'll be redirected to Home page shortly!!
2021-05-17 11:34:37,548 :INFO :test_cart :selected fruits or vegetable is Pumpkin - 1 Kg
2021-05-17 11:34:37,548 :INFO :test_cart :selected fruits or vegetable is Pumpkin - 1 Kg
2021-05-17 11:34:38,170 :INFO :test_cart :selected fruits or vegetable is Corn - 1 Kg
2021-05-17 11:34:38,170 :INFO :test_cart :selected fruits or vegetable is Corn - 1 Kg
2021-05-17 11:34:38,170 :INFO :test_cart :selected fruits or vegetable is Corn - 1 Kg
2021-05-17 11:34:39,221 :INFO :test_cart :Total amount is 150
2021-05-17 11:34:39,221 :INFO :test_cart :Total amount is 150
2021-05-17 11:34:39,221 :INFO :test_cart :Total amount is 150
2021-05-17 11:34:44,255 :INFO :test_cart :Discount amount is 135
2021-05-17 11:34:44,255 :INFO :test_cart :Discount amount is 135
2021-05-17 11:34:44,255 :INFO :test_cart :Discount amount is 135
2021-05-17 11:34:44,388 :INFO :test_cart :Selected country is United States
2021-05-17 11:34:44,388 :INFO :test_cart :Selected country is United States
2021-05-17 11:34:44,388 :INFO :test_cart :Selected country is United States
2021-05-17 11:34:46,449 :INFO :test_cart :text received from confrom pg is Thank you, your order has been placed successfully
You'll be redirected to Home page shortly!!
2021-05-17 11:34:46,449 :INFO :test_cart :text received from confrom pg is Thank you, your order has been placed successfully
You'll be redirected to Home page shortly!!
2021-05-17 11:34:46,449 :INFO :test_cart :text received from confrom pg is Thank you, your order has been placed successfully
You'll be redirected to Home page shortly!!
